[16:29:06] [main/INFO] (FabricLoader/GameProvider) Loading Minecraft 1.19.4 with Fabric Loader 0.14.19
[16:29:06] [main/INFO] (FabricLoader) Loading 47 mods:
	- afeibailismod 1.0-SNAPSHOT
	- customportalapi 0.0.1-beta62-1.19
	- fabric-api 0.76.0+1.19.4
	- fabric-api-base 0.4.23+9ff28bcef4
	- fabric-api-lookup-api-v1 1.6.24+49abcf7ef4
	- fabric-biome-api-v1 13.0.6+348a9c64f4
	- fabric-block-api-v1 1.0.5+e022e5d1f4
	- fabric-blockrenderlayer-v1 1.1.33+c2e6f674f4
	- fabric-client-tags-api-v1 1.0.14+1134c5b8f4
	- fabric-command-api-v2 2.2.4+ae0966baf4
	- fabric-content-registries-v0 3.5.7+ae0966baf4
	- fabric-convention-tags-v1 1.4.0+9a7c5daaf4
	- fabric-crash-report-info-v1 0.2.14+aeb40ebef4
	- fabric-data-generation-api-v1 11.3.5+5da15ca1f4
	- fabric-dimensions-v1 2.1.44+7f87f8faf4
	- fabric-entity-events-v1 1.5.12+e45f7c65f4
	- fabric-events-interaction-v0 0.4.42+a1ccd7bff4
	- fabric-game-rule-api-v1 1.0.32+a1ccd7bff4
	- fabric-gametest-api-v1 1.2.2+ae0966baf4
	- fabric-item-api-v1 2.1.16+09a3510cf4
	- fabric-item-group-api-v1 3.0.3+043f9acff4
	- fabric-key-binding-api-v1 1.0.32+c477957ef4
	- fabric-lifecycle-events-v1 2.2.14+5da15ca1f4
	- fabric-loot-api-v2 1.1.25+75e98211f4
	- fabric-message-api-v1 5.1.0+1ee8be40f4
	- fabric-mining-level-api-v1 2.1.37+49abcf7ef4
	- fabric-models-v0 0.3.29+11ba9c3bf4
	- fabric-networking-api-v1 1.2.22+ca5f59aaf4
	- fabric-object-builder-api-v1 7.0.1+63b515f4f4
	- fabric-particles-v1 1.0.22+f1e4495bf4
	- fabric-recipe-api-v1 1.0.6+a1ccd7bff4
	- fabric-registry-sync-v0 2.1.2+a383ab97f4
	- fabric-renderer-api-v1 2.2.4+81e8c576f4
	- fabric-renderer-indigo 1.1.0+81e8c576f4
	- fabric-rendering-data-attachment-v1 0.3.27+afca2f3ef4
	- fabric-rendering-fluids-v1 3.0.20+f1e4495bf4
	- fabric-rendering-v1 2.1.0+8f878217f4
	- fabric-resource-conditions-api-v1 2.3.0+e6c7d4eef4
	- fabric-resource-loader-v0 0.11.0+938a1d56f4
	- fabric-screen-api-v1 1.0.44+8c25edb4f4
	- fabric-screen-handler-api-v1 1.3.18+5da15ca1f4
	- fabric-sound-api-v1 1.0.8+75e98211f4
	- fabric-transfer-api-v1 3.0.1+9003cbe9f4
	- fabric-transitive-access-wideners-v1 3.0.2+63b515f4f4
	- fabricloader 0.14.19
	- java 17
	- minecraft 1.19.4
[16:29:07] [main/INFO] (FabricLoader/Mixin) SpongePowered MIXIN Subsystem Version=0.8.5 Source=file:/C:/Users/AfeiN/.gradle/caches/modules-2/files-2.1/net.fabricmc/sponge-mixin/0.12.4+mixin.0.8.5/e13b4069fe3555969811d4474f78576c707bbe1c/sponge-mixin-0.12.4+mixin.0.8.5.jar Service=Knot/Fabric Env=CLIENT
[16:29:07] [main/INFO] (FabricLoader/Mixin) Loaded Fabric development mappings for mixin remapper!
[16:29:07] [main/INFO] (FabricLoader/Mixin) Compatibility level set to JAVA_16
[16:29:07] [main/INFO] (FabricLoader/Mixin) Compatibility level set to JAVA_17
[16:29:19] [Datafixer Bootstrap/INFO] (Minecraft) 180 Datafixer optimizations took 191 milliseconds
[16:29:23] [Render thread/INFO] (Minecraft) Environment: authHost='https://authserver.mojang.com', accountsHost='https://api.mojang.com', sessionHost='https://sessionserver.mojang.com', servicesHost='https://api.minecraftservices.com', name='PROD'
[16:29:24] [Render thread/ERROR] (Minecraft) Failed to verify authentication
com.mojang.authlib.exceptions.InvalidCredentialsException: Status: 401
	at com.mojang.authlib.exceptions.MinecraftClientHttpException.toAuthenticationException(MinecraftClientHttpException.java:56) ~[authlib-3.18.38.jar:?]
	at com.mojang.authlib.yggdrasil.YggdrasilUserApiService.fetchProperties(YggdrasilUserApiService.java:156) ~[authlib-3.18.38.jar:?]
	at com.mojang.authlib.yggdrasil.YggdrasilUserApiService.<init>(YggdrasilUserApiService.java:55) ~[authlib-3.18.38.jar:?]
	at com.mojang.authlib.yggdrasil.YggdrasilAuthenticationService.createUserApiService(YggdrasilAuthenticationService.java:161) ~[authlib-3.18.38.jar:?]
	at net.minecraft.client.MinecraftClient.createUserApiService(MinecraftClient.java:732) ~[minecraft-project-@-merged-named.jar:?]
	at net.minecraft.client.MinecraftClient.<init>(MinecraftClient.java:440) ~[minecraft-project-@-merged-named.jar:?]
	at net.minecraft.client.main.Main.main(Main.java:198) ~[minecraft-project-@-merged-named.jar:?]
	at net.fabricmc.loader.impl.game.minecraft.MinecraftGameProvider.launch(MinecraftGameProvider.java:462) ~[fabric-loader-0.14.19.jar:?]
	at net.fabricmc.loader.impl.launch.knot.Knot.launch(Knot.java:74) ~[fabric-loader-0.14.19.jar:?]
	at net.fabricmc.loader.impl.launch.knot.KnotClient.main(KnotClient.java:23) ~[fabric-loader-0.14.19.jar:?]
	at net.fabricmc.devlaunchinjector.Main.main(Main.java:86) ~[dev-launch-injector-0.2.1+build.8.jar:?]
Caused by: com.mojang.authlib.exceptions.MinecraftClientHttpException: Status: 401
	at com.mojang.authlib.minecraft.client.MinecraftClient.readInputStream(MinecraftClient.java:85) ~[authlib-3.18.38.jar:?]
	at com.mojang.authlib.minecraft.client.MinecraftClient.get(MinecraftClient.java:48) ~[authlib-3.18.38.jar:?]
	at com.mojang.authlib.yggdrasil.YggdrasilUserApiService.fetchProperties(YggdrasilUserApiService.java:129) ~[authlib-3.18.38.jar:?]
	... 9 more
[16:29:24] [Render thread/INFO] (Minecraft) Setting user: Player906
[16:29:25] [Render thread/INFO] (Indigo) [Indigo] Registering Indigo renderer!
[16:29:25] [Render thread/INFO] (FabricDataGenHelper) Running data generator for afeibailismod
[16:29:26] [Render thread/INFO] (Minecraft) Starting provider: AfeiBailisMod/Model Definitions
[16:29:26] [Render thread/INFO] (Minecraft) AfeiBailisMod/Model Definitions finished after 169 ms
[16:29:26] [Render thread/INFO] (Minecraft) Starting provider: AfeiBailisMod/afeibailismod
[16:29:26] [Render thread/INFO] (Minecraft) AfeiBailisMod/afeibailismod finished after 404 ms
[16:29:26] [Render thread/INFO] (Minecraft) Starting provider: AfeiBailisMod/Block Loot Tables
[16:29:26] [Render thread/INFO] (Minecraft) AfeiBailisMod/Block Loot Tables finished after 110 ms
[16:29:26] [Render thread/INFO] (Minecraft) Starting provider: AfeiBailisMod/Recipes
[16:29:26] [Render thread/INFO] (Minecraft) AfeiBailisMod/Recipes finished after 68 ms
[16:29:26] [Render thread/INFO] (Minecraft) All providers took: 754 ms
[16:29:26] [Render thread/INFO] (Minecraft) Caching: total files: 168, old count: 150, new count: 163, removed stale: 6, written: 18
